mode: set
yaml-anchor/pkg/analyzer/analyzer.go:17.59,18.18 1 1
yaml-anchor/pkg/analyzer/analyzer.go:19.12,20.28 1 1
yaml-anchor/pkg/analyzer/analyzer.go:21.32,22.36 1 1
yaml-anchor/pkg/analyzer/analyzer.go:23.22,24.32 1 1
yaml-anchor/pkg/analyzer/analyzer.go:25.22,26.37 1 1
yaml-anchor/pkg/analyzer/analyzer.go:27.34,28.36 1 1
yaml-anchor/pkg/analyzer/analyzer.go:29.16,30.31 1 1
yaml-anchor/pkg/analyzer/analyzer.go:31.10,35.4 1 1
yaml-anchor/pkg/analyzer/analyzer.go:39.47,46.59 2 1
yaml-anchor/pkg/analyzer/analyzer.go:46.59,49.3 2 1
yaml-anchor/pkg/analyzer/analyzer.go:50.2,50.57 1 1
yaml-anchor/pkg/analyzer/analyzer.go:50.57,53.3 2 0
yaml-anchor/pkg/analyzer/analyzer.go:56.2,58.19 3 1
yaml-anchor/pkg/analyzer/analyzer.go:58.19,60.36 2 1
yaml-anchor/pkg/analyzer/analyzer.go:60.36,62.47 2 1
yaml-anchor/pkg/analyzer/analyzer.go:62.47,65.5 2 1
yaml-anchor/pkg/analyzer/analyzer.go:69.2,69.35 1 1
yaml-anchor/pkg/analyzer/analyzer.go:69.35,72.3 2 0
yaml-anchor/pkg/analyzer/analyzer.go:74.2,74.15 1 1
yaml-anchor/pkg/analyzer/analyzer.go:77.55,84.92 2 1
yaml-anchor/pkg/analyzer/analyzer.go:84.92,89.3 4 1
yaml-anchor/pkg/analyzer/analyzer.go:91.2,91.88 1 1
yaml-anchor/pkg/analyzer/analyzer.go:91.88,94.3 2 0
yaml-anchor/pkg/analyzer/analyzer.go:96.2,96.40 1 1
yaml-anchor/pkg/analyzer/analyzer.go:96.40,99.3 2 1
yaml-anchor/pkg/analyzer/analyzer.go:101.2,101.34 1 1
yaml-anchor/pkg/analyzer/analyzer.go:101.34,104.3 2 0
yaml-anchor/pkg/analyzer/analyzer.go:106.2,106.15 1 1
yaml-anchor/pkg/analyzer/analyzer.go:109.51,115.48 2 1
yaml-anchor/pkg/analyzer/analyzer.go:115.48,119.3 3 1
yaml-anchor/pkg/analyzer/analyzer.go:121.2,121.90 1 1
yaml-anchor/pkg/analyzer/analyzer.go:121.90,125.3 3 0
yaml-anchor/pkg/analyzer/analyzer.go:127.2,127.34 1 1
yaml-anchor/pkg/analyzer/analyzer.go:127.34,129.3 1 0
yaml-anchor/pkg/analyzer/analyzer.go:131.2,131.15 1 1
yaml-anchor/pkg/analyzer/analyzer.go:134.56,140.44 2 1
yaml-anchor/pkg/analyzer/analyzer.go:140.44,142.3 1 1
yaml-anchor/pkg/analyzer/analyzer.go:144.2,144.43 1 1
yaml-anchor/pkg/analyzer/analyzer.go:144.43,146.3 1 1
yaml-anchor/pkg/analyzer/analyzer.go:148.2,148.44 1 1
yaml-anchor/pkg/analyzer/analyzer.go:148.44,150.3 1 1
yaml-anchor/pkg/analyzer/analyzer.go:152.2,152.42 1 1
yaml-anchor/pkg/analyzer/analyzer.go:152.42,154.3 1 0
yaml-anchor/pkg/analyzer/analyzer.go:156.2,158.15 2 1
yaml-anchor/pkg/analyzer/analyzer.go:161.55,167.63 2 1
yaml-anchor/pkg/analyzer/analyzer.go:167.63,169.3 1 1
yaml-anchor/pkg/analyzer/analyzer.go:170.2,170.61 1 1
yaml-anchor/pkg/analyzer/analyzer.go:170.61,172.3 1 0
yaml-anchor/pkg/analyzer/analyzer.go:173.2,173.63 1 1
yaml-anchor/pkg/analyzer/analyzer.go:173.63,175.3 1 0
yaml-anchor/pkg/analyzer/analyzer.go:177.2,180.15 3 1
yaml-anchor/pkg/analyzer/analyzer.go:183.50,190.29 3 1
yaml-anchor/pkg/analyzer/analyzer.go:190.29,192.41 2 1
yaml-anchor/pkg/analyzer/analyzer.go:192.41,196.4 3 1
yaml-anchor/pkg/analyzer/analyzer.go:199.2,199.15 1 1
yaml-anchor/pkg/errors/errors.go:24.38,25.18 1 1
yaml-anchor/pkg/errors/errors.go:25.18,27.3 1 1
yaml-anchor/pkg/errors/errors.go:28.2,28.51 1 1
yaml-anchor/pkg/errors/errors.go:31.42,33.2 1 1
yaml-anchor/pkg/errors/errors.go:35.40,37.2 1 1
yaml-anchor/pkg/errors/errors.go:41.45,43.2 1 1
yaml-anchor/pkg/errors/errors.go:45.50,47.2 1 1
yaml-anchor/pkg/errors/errors.go:49.63,51.2 1 1
yaml-anchor/pkg/errors/errors.go:54.36,57.2 2 1
yaml-anchor/pkg/errors/errors.go:60.40,63.2 2 1
yaml-anchor/pkg/errors/errors.go:66.38,69.2 2 1
yaml-anchor/pkg/detector/detector.go:24.51,30.43 2 1
yaml-anchor/pkg/detector/detector.go:30.43,33.3 2 1
yaml-anchor/pkg/detector/detector.go:33.8,33.56 1 1
yaml-anchor/pkg/detector/detector.go:33.56,37.69 3 1
yaml-anchor/pkg/detector/detector.go:37.69,38.75 1 0
yaml-anchor/pkg/detector/detector.go:38.75,40.5 1 0
yaml-anchor/pkg/detector/detector.go:42.8,42.109 1 1
yaml-anchor/pkg/detector/detector.go:42.109,46.3 2 1
yaml-anchor/pkg/detector/detector.go:46.8,46.54 1 1
yaml-anchor/pkg/detector/detector.go:46.54,50.3 2 1
yaml-anchor/pkg/detector/detector.go:53.2,53.47 1 1
yaml-anchor/pkg/detector/detector.go:53.47,55.3 1 1
yaml-anchor/pkg/detector/detector.go:58.2,58.57 1 1
yaml-anchor/pkg/detector/detector.go:58.57,60.3 1 1
yaml-anchor/pkg/detector/detector.go:62.2,62.21 1 1
yaml-anchor/pkg/detector/detector.go:65.55,67.16 2 1
yaml-anchor/pkg/detector/detector.go:67.16,70.3 2 0
yaml-anchor/pkg/detector/detector.go:71.2,74.21 3 1
yaml-anchor/pkg/detector/detector.go:74.21,76.41 2 1
yaml-anchor/pkg/detector/detector.go:76.41,78.4 1 1
yaml-anchor/pkg/detector/detector.go:78.9,78.44 1 1
yaml-anchor/pkg/detector/detector.go:78.44,80.4 1 1
yaml-anchor/pkg/detector/detector.go:82.2,82.53 1 1
yaml-anchor/pkg/detector/detector.go:85.61,87.16 2 1
yaml-anchor/pkg/detector/detector.go:87.16,90.3 2 0
yaml-anchor/pkg/detector/detector.go:92.2,100.51 2 1
yaml-anchor/pkg/detector/detector.go:100.51,103.45 2 1
yaml-anchor/pkg/detector/detector.go:103.45,105.4 1 1
yaml-anchor/pkg/detector/detector.go:108.3,108.36 1 1
yaml-anchor/pkg/detector/detector.go:108.36,110.4 1 0
yaml-anchor/pkg/detector/detector.go:110.9,110.46 1 1
yaml-anchor/pkg/detector/detector.go:110.46,112.4 1 0
yaml-anchor/pkg/detector/detector.go:112.9,112.44 1 1
yaml-anchor/pkg/detector/detector.go:112.44,114.4 1 1
yaml-anchor/pkg/detector/detector.go:117.3,117.64 1 1
yaml-anchor/pkg/detector/detector.go:117.64,118.44 1 1
yaml-anchor/pkg/detector/detector.go:118.44,120.5 1 1
yaml-anchor/pkg/detector/detector.go:124.2,124.39 1 1
yaml-anchor/pkg/detector/detector.go:124.39,126.3 1 0
yaml-anchor/pkg/detector/detector.go:129.31,132.2 2 1
yaml-anchor/pkg/debugger/debugger.go:17.60,22.110 3 1
yaml-anchor/pkg/debugger/debugger.go:22.110,29.3 1 1
yaml-anchor/pkg/debugger/debugger.go:31.2,31.71 1 1
yaml-anchor/pkg/debugger/debugger.go:31.71,38.3 1 0
yaml-anchor/pkg/debugger/debugger.go:41.2,41.98 1 1
yaml-anchor/pkg/debugger/debugger.go:41.98,48.3 1 1
yaml-anchor/pkg/debugger/debugger.go:50.2,50.80 1 1
yaml-anchor/pkg/debugger/debugger.go:50.80,57.3 1 0
yaml-anchor/pkg/debugger/debugger.go:60.2,60.50 1 1
yaml-anchor/pkg/debugger/debugger.go:60.50,67.3 1 1
yaml-anchor/pkg/debugger/debugger.go:69.2,69.50 1 1
yaml-anchor/pkg/debugger/debugger.go:69.50,72.54 2 1
yaml-anchor/pkg/debugger/debugger.go:72.54,74.4 1 1
yaml-anchor/pkg/debugger/debugger.go:75.3,80.5 1 1
yaml-anchor/pkg/debugger/debugger.go:83.2,83.56 1 1
yaml-anchor/pkg/debugger/debugger.go:83.56,90.3 1 0
yaml-anchor/pkg/debugger/debugger.go:92.2,92.82 1 1
yaml-anchor/pkg/debugger/debugger.go:92.82,99.3 1 1
yaml-anchor/pkg/debugger/debugger.go:102.2,102.27 1 1
yaml-anchor/pkg/debugger/debugger.go:102.27,109.3 1 1
yaml-anchor/pkg/debugger/debugger.go:111.2,111.20 1 1
yaml-anchor/pkg/debugger/debugger.go:115.46,119.32 4 1
yaml-anchor/pkg/debugger/debugger.go:119.32,121.28 2 1
yaml-anchor/pkg/debugger/debugger.go:121.28,123.4 1 1
yaml-anchor/pkg/debugger/debugger.go:123.9,123.37 1 0
yaml-anchor/pkg/debugger/debugger.go:123.37,125.4 1 0
yaml-anchor/pkg/debugger/debugger.go:126.3,128.60 3 1
yaml-anchor/pkg/debugger/debugger.go:130.2,130.20 1 1
yaml-anchor/pkg/logger/logger.go:27.50,31.20 3 1
yaml-anchor/pkg/logger/logger.go:31.20,33.17 2 1
yaml-anchor/pkg/logger/logger.go:33.17,35.4 1 0
yaml-anchor/pkg/logger/logger.go:36.3,36.14 1 1
yaml-anchor/pkg/logger/logger.go:38.2,38.12 1 1
yaml-anchor/pkg/logger/logger.go:42.14,43.20 1 1
yaml-anchor/pkg/logger/logger.go:43.20,46.3 2 1
yaml-anchor/pkg/logger/logger.go:49.35,50.11 1 1
yaml-anchor/pkg/logger/logger.go:51.18,52.17 1 1
yaml-anchor/pkg/logger/logger.go:53.17,54.17 1 1
yaml-anchor/pkg/logger/logger.go:55.17,56.17 1 1
yaml-anchor/pkg/logger/logger.go:57.18,58.17 1 1
yaml-anchor/pkg/logger/logger.go:60.2,60.16 1 0
yaml-anchor/pkg/logger/logger.go:63.36,64.15 1 1
yaml-anchor/pkg/logger/logger.go:64.15,66.3 1 0
yaml-anchor/pkg/logger/logger.go:67.2,67.11 1 1
yaml-anchor/pkg/logger/logger.go:68.18,69.20 1 1
yaml-anchor/pkg/logger/logger.go:70.17,71.20 1 1
yaml-anchor/pkg/logger/logger.go:72.17,73.20 1 1
yaml-anchor/pkg/logger/logger.go:74.18,75.20 1 1
yaml-anchor/pkg/logger/logger.go:77.2,77.11 1 0
yaml-anchor/pkg/logger/logger.go:80.45,81.26 1 1
yaml-anchor/pkg/logger/logger.go:81.26,83.3 1 0
yaml-anchor/pkg/logger/logger.go:85.2,88.14 4 1
yaml-anchor/pkg/logger/logger.go:88.14,91.3 2 1
yaml-anchor/pkg/logger/logger.go:93.2,96.20 3 1
yaml-anchor/pkg/logger/logger.go:96.20,99.3 2 1
yaml-anchor/pkg/logger/logger.go:103.48,104.19 1 1
yaml-anchor/pkg/logger/logger.go:104.19,106.3 1 1
yaml-anchor/pkg/logger/logger.go:106.8,108.3 1 0
yaml-anchor/pkg/logger/logger.go:112.47,113.19 1 1
yaml-anchor/pkg/logger/logger.go:113.19,115.3 1 0
yaml-anchor/pkg/logger/logger.go:115.8,117.3 1 1
yaml-anchor/pkg/logger/logger.go:121.47,122.19 1 1
yaml-anchor/pkg/logger/logger.go:122.19,124.3 1 1
yaml-anchor/pkg/logger/logger.go:124.8,126.3 1 0
yaml-anchor/pkg/logger/logger.go:130.48,131.19 1 1
yaml-anchor/pkg/logger/logger.go:131.19,133.3 1 0
yaml-anchor/pkg/logger/logger.go:133.8,135.3 1 1
yaml-anchor/pkg/logger/logger.go:139.28,141.2 1 1
yaml-anchor/pkg/logger/logger.go:144.45,145.47 1 1
yaml-anchor/pkg/logger/logger.go:146.15,147.25 1 1
yaml-anchor/pkg/logger/logger.go:148.14,149.24 1 1
yaml-anchor/pkg/logger/logger.go:150.25,151.24 1 1
yaml-anchor/pkg/logger/logger.go:152.15,153.25 1 1
yaml-anchor/pkg/logger/logger.go:155.2,155.57 1 1
yaml-anchor/pkg/validator/validator.go:15.49,18.2 2 0
yaml-anchor/pkg/validator/validator.go:20.43,22.2 1 0
yaml-anchor/pkg/validator/validator.go:25.37,26.14 1 1
yaml-anchor/pkg/validator/validator.go:26.14,28.3 1 1
yaml-anchor/pkg/validator/validator.go:29.2,29.61 1 1
yaml-anchor/pkg/validator/validator.go:29.61,31.3 1 1
yaml-anchor/pkg/validator/validator.go:32.2,32.18 1 1
yaml-anchor/pkg/validator/validator.go:32.18,34.3 1 0
yaml-anchor/pkg/validator/validator.go:35.2,35.12 1 1
yaml-anchor/pkg/validator/validator.go:39.42,40.16 1 1
yaml-anchor/pkg/validator/validator.go:40.16,42.3 1 1
yaml-anchor/pkg/validator/validator.go:43.2,43.21 1 1
yaml-anchor/pkg/validator/validator.go:43.21,45.3 1 0
yaml-anchor/pkg/validator/validator.go:46.2,46.12 1 1
yaml-anchor/pkg/validator/validator.go:50.42,63.72 2 1
yaml-anchor/pkg/validator/validator.go:63.72,65.3 1 1
yaml-anchor/pkg/validator/validator.go:66.2,66.12 1 1
yaml-anchor/pkg/validator/validator.go:70.38,72.21 2 1
yaml-anchor/pkg/validator/validator.go:72.21,74.3 1 1
yaml-anchor/pkg/validator/validator.go:75.2,75.12 1 1
yaml-anchor/pkg/validator/validator.go:79.46,80.16 1 1
yaml-anchor/pkg/validator/validator.go:80.16,82.3 1 1
yaml-anchor/pkg/validator/validator.go:83.2,83.21 1 1
yaml-anchor/pkg/validator/validator.go:83.21,85.3 1 0
yaml-anchor/pkg/validator/validator.go:86.2,86.12 1 1
yaml-anchor/pkg/blueprints/mapper.go:9.57,11.25 2 0
yaml-anchor/pkg/blueprints/mapper.go:11.25,13.3 1 0
yaml-anchor/pkg/blueprints/mapper.go:15.2,17.27 2 0
yaml-anchor/pkg/blueprints/mapper.go:17.27,19.3 1 0
yaml-anchor/pkg/blueprints/mapper.go:20.2,20.30 1 0
yaml-anchor/pkg/blueprints/mapper.go:20.30,22.3 1 0
yaml-anchor/pkg/blueprints/mapper.go:23.2,23.29 1 0
yaml-anchor/pkg/blueprints/mapper.go:23.29,25.3 1 0
yaml-anchor/pkg/blueprints/mapper.go:26.2,26.38 1 0
yaml-anchor/pkg/blueprints/mapper.go:26.38,28.3 1 0
yaml-anchor/pkg/blueprints/mapper.go:30.2,32.23 2 0
yaml-anchor/pkg/blueprints/mapper.go:33.12,36.2 1 0
yaml-anchor/pkg/blueprints/mapper.go:37.14,40.2 1 0
yaml-anchor/pkg/blueprints/mapper.go:41.10,50.2 1 0
yaml-anchor/pkg/blueprints/mapper.go:53.2,53.13 1 0
yaml-anchor/pkg/generator/export.go:14.69,15.44 1 1
yaml-anchor/pkg/generator/export.go:15.44,17.3 1 1
yaml-anchor/pkg/generator/export.go:20.2,20.57 1 1
yaml-anchor/pkg/generator/export.go:20.57,22.3 1 0
yaml-anchor/pkg/generator/export.go:25.2,26.16 2 1
yaml-anchor/pkg/generator/export.go:26.16,28.3 1 0
yaml-anchor/pkg/generator/export.go:31.2,32.47 2 1
yaml-anchor/pkg/generator/export.go:32.47,34.3 1 0
yaml-anchor/pkg/generator/export.go:37.2,37.61 1 1
yaml-anchor/pkg/generator/export.go:37.61,39.3 1 0
yaml-anchor/pkg/generator/export.go:41.2,41.12 1 1
yaml-anchor/pkg/generator/export.go:45.57,56.40 3 1
yaml-anchor/pkg/generator/export.go:56.40,57.40 1 1
yaml-anchor/pkg/generator/export.go:57.40,58.22 1 1
yaml-anchor/pkg/generator/export.go:58.22,59.47 1 1
yaml-anchor/pkg/generator/export.go:59.47,60.39 1 1
yaml-anchor/pkg/generator/export.go:60.39,65.7 1 1
yaml-anchor/pkg/generator/export.go:70.4,70.35 1 1
yaml-anchor/pkg/generator/export.go:70.35,71.18 1 0
yaml-anchor/pkg/generator/export.go:71.18,72.14 1 0
yaml-anchor/pkg/generator/export.go:74.5,74.47 1 0
yaml-anchor/pkg/generator/export.go:74.47,75.62 1 0
yaml-anchor/pkg/generator/export.go:75.62,80.7 1 0
yaml-anchor/pkg/generator/export.go:86.2,86.15 1 1
yaml-anchor/pkg/generator/export.go:90.59,94.25 2 0
yaml-anchor/pkg/generator/export.go:94.25,96.3 1 0
yaml-anchor/pkg/generator/export.go:99.2,99.29 1 0
yaml-anchor/pkg/generator/export.go:99.29,102.3 2 0
yaml-anchor/pkg/generator/export.go:104.2,104.40 1 0
yaml-anchor/pkg/generator/export.go:104.40,106.23 1 0
yaml-anchor/pkg/generator/export.go:106.23,108.4 1 0
yaml-anchor/pkg/generator/export.go:111.3,111.26 1 0
yaml-anchor/pkg/generator/export.go:111.26,113.4 1 0
yaml-anchor/pkg/generator/export.go:115.3,115.40 1 0
yaml-anchor/pkg/generator/export.go:115.40,116.41 1 0
yaml-anchor/pkg/generator/export.go:116.41,121.5 1 0
yaml-anchor/pkg/generator/export.go:124.4,124.82 1 0
yaml-anchor/pkg/generator/export.go:124.82,129.5 1 0
yaml-anchor/pkg/generator/export.go:133.3,133.34 1 0
yaml-anchor/pkg/generator/export.go:133.34,134.49 1 0
yaml-anchor/pkg/generator/export.go:134.49,139.5 1 0
yaml-anchor/pkg/generator/export.go:143.2,143.15 1 0
yaml-anchor/pkg/scanner/scanner.go:47.61,50.82 2 1
yaml-anchor/pkg/scanner/scanner.go:50.82,51.17 1 1
yaml-anchor/pkg/scanner/scanner.go:51.17,53.4 1 0
yaml-anchor/pkg/scanner/scanner.go:56.3,56.19 1 1
yaml-anchor/pkg/scanner/scanner.go:56.19,57.39 1 1
yaml-anchor/pkg/scanner/scanner.go:57.39,59.5 1 0
yaml-anchor/pkg/scanner/scanner.go:61.4,61.29 1 1
yaml-anchor/pkg/scanner/scanner.go:61.29,63.5 1 0
yaml-anchor/pkg/scanner/scanner.go:64.4,64.14 1 1
yaml-anchor/pkg/scanner/scanner.go:68.3,68.94 1 1
yaml-anchor/pkg/scanner/scanner.go:68.94,75.4 1 0
yaml-anchor/pkg/scanner/scanner.go:78.3,79.22 2 1
yaml-anchor/pkg/scanner/scanner.go:79.22,81.18 2 1
yaml-anchor/pkg/scanner/scanner.go:81.18,83.5 1 1
yaml-anchor/pkg/scanner/scanner.go:86.3,86.13 1 1
yaml-anchor/pkg/scanner/scanner.go:89.2,89.22 1 1
yaml-anchor/pkg/scanner/scanner.go:92.34,99.2 2 1
yaml-anchor/pkg/scanner/scanner.go:101.65,104.16 3 1
yaml-anchor/pkg/scanner/scanner.go:104.16,106.3 1 0
yaml-anchor/pkg/scanner/scanner.go:108.2,109.29 2 1
yaml-anchor/pkg/scanner/scanner.go:109.29,111.46 1 1
yaml-anchor/pkg/scanner/scanner.go:111.46,112.33 1 1
yaml-anchor/pkg/scanner/scanner.go:112.33,120.5 1 1
yaml-anchor/pkg/scanner/scanner.go:124.3,124.28 1 1
yaml-anchor/pkg/scanner/scanner.go:124.28,127.31 2 0
yaml-anchor/pkg/scanner/scanner.go:127.31,129.30 2 0
yaml-anchor/pkg/scanner/scanner.go:129.30,139.6 1 0
yaml-anchor/pkg/scanner/scanner.go:144.2,144.22 1 1
yaml-anchor/pkg/scanner/scanner.go:147.42,148.16 1 0
yaml-anchor/pkg/scanner/scanner.go:148.16,150.3 1 0
yaml-anchor/pkg/scanner/scanner.go:151.2,152.25 2 0
yaml-anchor/pkg/scanner/scanner.go:152.25,154.3 1 0
yaml-anchor/pkg/scanner/scanner.go:155.2,157.35 3 0
yaml-anchor/pkg/scanner/scanner.go:157.35,160.3 2 0
yaml-anchor/pkg/scanner/scanner.go:161.2,161.16 1 0
yaml-anchor/pkg/scanner/scanner.go:164.57,166.2 1 1
yaml-anchor/pkg/scanner/scanner.go:168.44,170.2 1 0
yaml-anchor/pkg/scanner/scanner.go:173.63,174.16 1 1
yaml-anchor/pkg/scanner/scanner.go:175.14,177.22 2 1
yaml-anchor/pkg/scanner/scanner.go:178.16,180.30 2 1
yaml-anchor/pkg/scanner/scanner.go:180.30,183.4 1 1
yaml-anchor/pkg/scanner/scanner.go:184.3,184.21 1 1
yaml-anchor/pkg/scanner/scanner.go:185.10,187.25 2 1
yaml-anchor/pkg/scanner/scanner.go:187.25,189.4 1 1
yaml-anchor/pkg/scanner/scanner.go:190.3,190.30 1 0
yaml-anchor/pkg/scanner/scanner.go:190.30,192.36 2 0
yaml-anchor/pkg/scanner/scanner.go:192.36,194.5 1 0
yaml-anchor/pkg/scanner/scanner.go:195.4,196.23 2 0
yaml-anchor/pkg/scanner/scanner.go:196.23,198.5 1 0
yaml-anchor/pkg/scanner/scanner.go:200.3,200.21 1 0
yaml-anchor/pkg/scanner/secrets.go:11.49,12.42 1 1
yaml-anchor/pkg/scanner/secrets.go:12.42,13.34 1 1
yaml-anchor/pkg/scanner/secrets.go:13.34,15.47 1 1
yaml-anchor/pkg/scanner/secrets.go:15.47,16.38 1 1
yaml-anchor/pkg/scanner/secrets.go:16.38,18.6 1 1
yaml-anchor/pkg/scanner/secrets.go:19.5,19.39 1 1
yaml-anchor/pkg/scanner/secrets.go:19.39,21.6 1 0
yaml-anchor/pkg/scanner/secrets.go:28.2,28.12 1 1
yaml-anchor/pkg/schema/types.go:96.37,97.18 1 1
yaml-anchor/pkg/schema/types.go:97.18,99.3 1 1
yaml-anchor/pkg/schema/types.go:101.2,101.22 1 1
yaml-anchor/pkg/schema/types.go:101.22,103.3 1 1
yaml-anchor/pkg/schema/types.go:105.2,105.33 1 1
yaml-anchor/pkg/schema/types.go:105.33,106.45 1 1
yaml-anchor/pkg/schema/types.go:106.45,108.4 1 0
yaml-anchor/pkg/schema/types.go:112.2,112.44 1 1
yaml-anchor/pkg/schema/types.go:112.44,114.3 1 1
yaml-anchor/pkg/schema/types.go:116.2,116.12 1 1
yaml-anchor/pkg/schema/types.go:120.44,121.20 1 1
yaml-anchor/pkg/schema/types.go:121.20,123.3 1 1
yaml-anchor/pkg/schema/types.go:125.2,125.30 1 1
yaml-anchor/pkg/schema/types.go:125.30,127.3 1 1
yaml-anchor/pkg/schema/types.go:129.2,129.23 1 1
yaml-anchor/pkg/schema/types.go:129.23,131.3 1 1
yaml-anchor/pkg/schema/types.go:133.2,133.33 1 1
yaml-anchor/pkg/schema/types.go:133.33,134.51 1 1
yaml-anchor/pkg/schema/types.go:134.51,136.4 1 0
yaml-anchor/pkg/schema/types.go:139.2,139.12 1 1
yaml-anchor/pkg/schema/types.go:143.58,144.49 1 1
yaml-anchor/pkg/schema/types.go:144.49,146.3 1 1
yaml-anchor/pkg/schema/types.go:148.2,148.33 1 1
yaml-anchor/pkg/schema/types.go:148.33,150.3 1 1
yaml-anchor/pkg/schema/types.go:152.2,152.12 1 1
yaml-anchor/pkg/schema/types.go:155.40,169.37 2 1
yaml-anchor/pkg/schema/types.go:169.37,170.22 1 1
yaml-anchor/pkg/schema/types.go:170.22,172.4 1 1
yaml-anchor/pkg/schema/types.go:176.2,176.75 1 1
yaml-anchor/pkg/schema/types.go:179.46,184.35 4 1
yaml-anchor/pkg/schema/types.go:184.35,185.17 1 1
yaml-anchor/pkg/schema/types.go:185.17,187.4 1 1
yaml-anchor/pkg/schema/types.go:189.3,189.21 1 1
yaml-anchor/pkg/schema/types.go:189.21,191.4 1 1
yaml-anchor/pkg/schema/types.go:193.3,196.34 3 1
yaml-anchor/pkg/schema/types.go:196.34,197.38 1 1
yaml-anchor/pkg/schema/types.go:197.38,199.5 1 1
yaml-anchor/pkg/schema/types.go:202.3,205.13 3 1
yaml-anchor/pkg/schema/types.go:208.2,208.26 1 1
yaml-anchor/pkg/schema/types.go:208.26,209.22 1 1
yaml-anchor/pkg/schema/types.go:209.22,210.39 1 1
yaml-anchor/pkg/schema/types.go:210.39,212.5 1 1
yaml-anchor/pkg/schema/types.go:216.2,216.12 1 1
yaml-anchor/pkg/config/loader.go:13.54,15.16 2 0
yaml-anchor/pkg/config/loader.go:15.16,17.3 1 0
yaml-anchor/pkg/config/loader.go:19.2,19.32 1 0
yaml-anchor/pkg/config/loader.go:23.58,26.67 2 1
yaml-anchor/pkg/config/loader.go:26.67,28.3 1 1
yaml-anchor/pkg/config/loader.go:30.2,32.44 2 1
yaml-anchor/pkg/config/loader.go:32.44,34.3 1 1
yaml-anchor/pkg/config/loader.go:36.2,36.23 1 1
yaml-anchor/pkg/config/loader.go:40.62,41.44 1 0
yaml-anchor/pkg/config/loader.go:41.44,43.3 1 0
yaml-anchor/pkg/config/loader.go:45.2,46.16 2 0
yaml-anchor/pkg/config/loader.go:46.16,48.3 1 0
yaml-anchor/pkg/config/loader.go:50.2,50.59 1 0
yaml-anchor/pkg/config/loader.go:50.59,52.3 1 0
yaml-anchor/pkg/config/loader.go:54.2,54.12 1 0
yaml-anchor/pkg/config/loader.go:57.71,60.33 2 1
yaml-anchor/pkg/config/loader.go:60.33,61.56 1 1
yaml-anchor/pkg/config/loader.go:61.56,63.11 2 1
yaml-anchor/pkg/config/loader.go:63.11,65.13 2 0
yaml-anchor/pkg/config/loader.go:68.4,71.35 3 1
yaml-anchor/pkg/config/loader.go:71.35,73.12 2 1
yaml-anchor/pkg/config/loader.go:73.12,74.14 1 0
yaml-anchor/pkg/config/loader.go:76.5,78.30 3 1
yaml-anchor/pkg/config/loader.go:78.30,80.6 1 1
yaml-anchor/pkg/config/loader.go:81.5,81.37 1 1
yaml-anchor/pkg/config/loader.go:84.4,84.22 1 1
yaml-anchor/pkg/config/loader.go:84.22,86.35 2 1
yaml-anchor/pkg/config/loader.go:86.35,90.27 4 1
yaml-anchor/pkg/config/loader.go:90.27,92.7 1 1
yaml-anchor/pkg/config/loader.go:93.6,94.35 2 1
yaml-anchor/pkg/config/loader.go:96.5,96.13 1 1
yaml-anchor/pkg/config/loader.go:100.3,100.26 1 1
yaml-anchor/pkg/config/loader.go:102.2,102.17 1 1
yaml-anchor/pkg/config/loader.go:105.47,110.2 4 1
yaml-anchor/pkg/tui/dashboard.go:47.60,48.24 1 0
yaml-anchor/pkg/tui/dashboard.go:48.24,50.10 2 0
yaml-anchor/pkg/tui/dashboard.go:50.10,52.4 1 0
yaml-anchor/pkg/tui/dashboard.go:53.3,53.24 1 0
yaml-anchor/pkg/tui/dashboard.go:57.70,67.2 4 0
yaml-anchor/pkg/tui/dashboard.go:69.40,74.2 1 0
yaml-anchor/pkg/tui/dashboard.go:76.66,77.27 1 0
yaml-anchor/pkg/tui/dashboard.go:78.18,79.54 1 0
yaml-anchor/pkg/tui/dashboard.go:79.54,81.4 1 0
yaml-anchor/pkg/tui/dashboard.go:82.17,83.27 1 0
yaml-anchor/pkg/tui/dashboard.go:83.27,86.4 2 0
yaml-anchor/pkg/tui/dashboard.go:88.3,88.24 1 0
yaml-anchor/pkg/tui/dashboard.go:88.24,90.4 1 0
yaml-anchor/pkg/tui/dashboard.go:91.3,91.21 1 0
yaml-anchor/pkg/tui/dashboard.go:91.21,93.4 1 0
yaml-anchor/pkg/tui/dashboard.go:94.3,96.23 2 0
yaml-anchor/pkg/tui/dashboard.go:96.23,100.4 3 0
yaml-anchor/pkg/tui/dashboard.go:102.3,102.24 1 0
yaml-anchor/pkg/tui/dashboard.go:102.24,105.23 2 0
yaml-anchor/pkg/tui/dashboard.go:105.23,107.5 1 0
yaml-anchor/pkg/tui/dashboard.go:109.3,109.37 1 0
yaml-anchor/pkg/tui/dashboard.go:111.23,114.16 3 0
yaml-anchor/pkg/tui/dashboard.go:117.2,117.15 1 0
yaml-anchor/pkg/tui/dashboard.go:120.39,121.18 1 0
yaml-anchor/pkg/tui/dashboard.go:121.18,125.3 1 0
yaml-anchor/pkg/tui/dashboard.go:127.2,127.12 1 0
yaml-anchor/pkg/tui/dashboard.go:127.12,129.3 1 0
yaml-anchor/pkg/tui/dashboard.go:131.2,138.27 6 0
yaml-anchor/pkg/tui/dashboard.go:138.27,140.3 1 0
yaml-anchor/pkg/tui/dashboard.go:140.8,142.3 1 0
yaml-anchor/pkg/tui/dashboard.go:144.2,144.25 1 0
yaml-anchor/pkg/tui/dashboard.go:144.25,146.3 1 0
yaml-anchor/pkg/tui/dashboard.go:148.2,148.21 1 0
yaml-anchor/pkg/tui/dashboard.go:148.21,150.28 2 0
yaml-anchor/pkg/tui/dashboard.go:150.28,152.4 1 0
yaml-anchor/pkg/tui/dashboard.go:155.2,156.19 2 0
yaml-anchor/pkg/simulator/engine.go:27.89,30.30 2 0
yaml-anchor/pkg/simulator/engine.go:30.30,31.10 1 0
yaml-anchor/pkg/simulator/engine.go:32.23,32.23 0 0
yaml-anchor/pkg/simulator/engine.go:33.21,33.21 0 0
yaml-anchor/pkg/simulator/engine.go:38.2,39.16 2 0
yaml-anchor/pkg/simulator/engine.go:39.16,42.3 2 0
yaml-anchor/pkg/simulator/engine.go:43.2,46.16 3 0
yaml-anchor/pkg/simulator/engine.go:46.16,49.3 2 0
yaml-anchor/pkg/simulator/engine.go:50.2,56.42 5 0
yaml-anchor/pkg/simulator/engine.go:56.42,63.32 4 0
yaml-anchor/pkg/simulator/engine.go:63.32,69.4 1 0
yaml-anchor/pkg/simulator/engine.go:71.3,81.34 3 0
yaml-anchor/pkg/simulator/engine.go:81.34,85.23 2 0
yaml-anchor/pkg/simulator/engine.go:85.23,86.56 1 0
yaml-anchor/pkg/simulator/engine.go:86.56,92.14 3 0
yaml-anchor/pkg/simulator/engine.go:93.11,93.116 1 0
yaml-anchor/pkg/simulator/engine.go:93.116,99.14 3 0
yaml-anchor/pkg/simulator/engine.go:100.11,103.51 2 0
yaml-anchor/pkg/simulator/engine.go:103.51,114.21 5 0
yaml-anchor/pkg/simulator/engine.go:114.21,117.8 2 0
yaml-anchor/pkg/simulator/engine.go:119.7,124.15 3 0
yaml-anchor/pkg/simulator/engine.go:128.5,132.13 2 0
yaml-anchor/pkg/simulator/engine.go:135.4,135.22 1 0
yaml-anchor/pkg/simulator/engine.go:135.22,136.13 1 0
yaml-anchor/pkg/simulator/engine.go:140.4,140.31 1 0
yaml-anchor/pkg/simulator/engine.go:140.31,142.5 1 0
yaml-anchor/pkg/simulator/engine.go:144.4,153.18 4 0
yaml-anchor/pkg/simulator/engine.go:153.18,159.5 4 0
yaml-anchor/pkg/simulator/engine.go:162.4,163.53 2 0
yaml-anchor/pkg/simulator/engine.go:163.53,164.79 1 0
yaml-anchor/pkg/simulator/engine.go:164.79,165.20 1 0
yaml-anchor/pkg/simulator/engine.go:165.20,167.7 1 0
yaml-anchor/pkg/simulator/engine.go:171.4,172.19 2 0
yaml-anchor/pkg/simulator/engine.go:175.3,175.84 1 0
yaml-anchor/pkg/simulator/engine.go:179.2,194.4 6 0
yaml-anchor/pkg/simulator/engine.go:198.43,199.20 1 0
yaml-anchor/pkg/simulator/engine.go:200.39,202.34 1 0
yaml-anchor/pkg/simulator/engine.go:202.34,203.122 1 0
yaml-anchor/pkg/simulator/engine.go:203.122,205.5 1 0
yaml-anchor/pkg/simulator/engine.go:206.4,206.87 1 0
yaml-anchor/pkg/simulator/engine.go:206.87,208.5 1 0
yaml-anchor/pkg/simulator/engine.go:210.3,210.24 1 0
yaml-anchor/pkg/simulator/engine.go:211.22,212.24 1 0
yaml-anchor/pkg/simulator/engine.go:215.46,218.24 3 0
yaml-anchor/pkg/simulator/engine.go:221.56,224.24 3 0
yaml-anchor/pkg/simulator/engine.go:225.10,226.20 1 0
yaml-anchor/pkg/simulator/engine.go:231.48,232.21 1 0
yaml-anchor/pkg/simulator/engine.go:232.21,234.3 1 0
yaml-anchor/pkg/simulator/engine.go:235.2,235.21 1 0
yaml-anchor/pkg/simulator/engine.go:235.21,237.3 1 0
yaml-anchor/pkg/simulator/engine.go:238.2,238.20 1 0
yaml-anchor/pkg/simulator/engine.go:238.20,242.3 2 0
yaml-anchor/pkg/simulator/engine.go:243.2,243.23 1 0
yaml-anchor/pkg/simulator/exec.go:13.91,15.13 2 0
yaml-anchor/pkg/simulator/exec.go:15.13,17.3 1 0
yaml-anchor/pkg/simulator/exec.go:19.2,22.16 3 0
yaml-anchor/pkg/simulator/exec.go:22.16,24.3 1 0
yaml-anchor/pkg/simulator/exec.go:25.2,28.16 3 0
yaml-anchor/pkg/simulator/exec.go:28.16,30.3 1 0
yaml-anchor/pkg/simulator/exec.go:31.2,37.31 4 0
yaml-anchor/pkg/simulator/exec.go:37.32,39.3 0 0
yaml-anchor/pkg/simulator/exec.go:41.2,47.33 2 0
yaml-anchor/pkg/simulator/exec.go:47.33,48.30 1 0
yaml-anchor/pkg/simulator/exec.go:48.30,50.4 1 0
yaml-anchor/pkg/simulator/exec.go:53.2,60.16 3 0
yaml-anchor/pkg/simulator/exec.go:60.16,62.3 1 0
yaml-anchor/pkg/simulator/exec.go:64.2,65.12 2 0
